<?xml version="1.0" encoding="UTF-8"?>
<testsuite xmlns:xsi="http://www.w3.org/2001/XMLSchema-instance" xsi:noNamespaceSchemaLocation="https://maven.apache.org/surefire/maven-surefire-plugin/xsd/surefire-test-report.xsd" version="3.0.2" name="TestSuite" time="40.951" tests="2" errors="0" skipped="0" failures="0">
  <properties>
[...]
</properties>
  <testcase name="verifySnapdealLandingPage" classname="testcases.SnapdealTest" time="0.046">
    <system-err><![CDATA[SLF4J(W): No SLF4J providers were found.
SLF4J(W): Defaulting to no-operation (NOP) logger implementation
SLF4J(W): See https://www.slf4j.org/codes.html#noProviders for further details.
Apr 21, 2026 10:01:08 AM org.openqa.selenium.devtools.CdpVersionFinder findNearestMatch
WARNING: Unable to find CDP implementation matching 146
Apr 21, 2026 10:01:08 AM org.openqa.selenium.chromium.ChromiumDriver lambda$new$5
WARNING: Unable to find version of CDP to use for 146.0.7680.80. You may need to include a dependency on a specific version of the CDP using something similar to `org.seleniumhq.selenium:selenium-devtools-v86:4.18.1` where the version ("v86") matches the version of the chromium-based browser you're using and the version number of the artifact is the same as Selenium's.
]]></system-err>
  </testcase>
  <testcase name="snapdealFlowTest" classname="testcases.SnapdealTest" time="9.284">
    <system-out><![CDATA[Screenshot saved: C:\Users\2478515\eclipse-workspace\jenkinsTest/screenshots/verifySnapdealLandingPage_20260421_100112.png
Name  :- Portronics In-the-ear Bluetooth Headset with Upto 30h Talktime Music Controls - Black
Price :- Rs. 755
--------------------------------
Name  :- COREGENIX BQ40 Bluetooth True Wireless (TWS) In Ear 30 Hours Playback Magnetic earpeice,Low Latency IPX4(Splash & Sweat Proof) Black
Price :- Rs. 869
--------------------------------
Name  :- Portronics Muffs M2 Type C Bluetooth Headphone Over Ear 40 Hours Playback Voice assistant,Fast charging IPX4(Splash & Sweat Proof) Black
Price :- Rs. 886
--------------------------------
Name  :- COREGENIX M96 Sleep Bluetooth True Wireless (TWS) In Ear 20 Hours Playback Comfirtable in ear fit IPX4(Splash & Sweat Proof) Black
Price :- Rs. 739
--------------------------------
Name  :- VEHOP D88 OWS Open Ear TWS Earbuds | 45 Hrs of Playtime | Bluetooth v5.4 with AI-ENC | Skin Friendly Ear Hook | Environmental Awareness | 45ms Low Latency Gaming | IPX5 Water & Sweat Resistant |
Price :- Rs. 767
--------------------------------
]]></system-out>
  </testcase>
</testsuite>