<?xml version="1.0" encoding="UTF-8"?>
<testng-results ignored="0" total="2" passed="2" failed="0" skipped="0">
  <reporter-output>
    <line>
      <![CDATA[Landing Page Verification Successful]]>
    </line>
    <line>
      <![CDATA[HeadPhones Search Successfully]]>
    </line>
  </reporter-output>
  <suite started-at="2026-04-21T10:00:50 IST" name="Surefire suite" finished-at="2026-04-21T10:01:30 IST" duration-ms="39592">
    <groups>
    </groups>
    <test started-at="2026-04-21T10:00:50 IST" name="Surefire test" finished-at="2026-04-21T10:01:30 IST" duration-ms="39592">
      <class name="testcases.SnapdealTest">
        <test-method is-config="true" signature="setup()[pri:0, instance:testcases.SnapdealTest@6a400542]" started-at="2026-04-21T10:00:50 IST" name="setup" finished-at="2026-04-21T10:01:12 IST" duration-ms="22132" status="PASS">
          <reporter-output>
          </reporter-output>
        </test-method> <!-- setup -->
        <test-method signature="verifySnapdealLandingPage()[pri:1, instance:testcases.SnapdealTest@6a400542]" started-at="2026-04-21T10:01:12 IST" name="verifySnapdealLandingPage" finished-at="2026-04-21T10:01:12 IST" duration-ms="33" status="PASS">
          <reporter-output>
            <line>
              <![CDATA[Landing Page Verification Successful]]>
            </line>
          </reporter-output>
        </test-method> <!-- verifySnapdealLandingPage -->
        <test-method signature="snapdealFlowTest()[pri:2, instance:testcases.SnapdealTest@6a400542]" started-at="2026-04-21T10:01:13 IST" name="snapdealFlowTest" finished-at="2026-04-21T10:01:22 IST" duration-ms="9280" status="PASS">
          <reporter-output>
            <line>
              <![CDATA[HeadPhones Search Successfully]]>
            </line>
          </reporter-output>
        </test-method> <!-- snapdealFlowTest -->
        <test-method is-config="true" signature="tearDown()[pri:0, instance:testcases.SnapdealTest@6a400542]" started-at="2026-04-21T10:01:23 IST" name="tearDown" finished-at="2026-04-21T10:01:30 IST" duration-ms="7219" status="PASS">
          <reporter-output>
          </reporter-output>
        </test-method> <!-- tearDown -->
      </class> <!-- testcases.SnapdealTest -->
    </test> <!-- Surefire test -->
  </suite> <!-- Surefire suite -->
</testng-results>
