<?xml version="1.0" encoding="UTF-8"?>
<testng-results ignored="0" total="2" passed="2" failed="0" skipped="0">
  <reporter-output>
    <line>
      <![CDATA[Landing Page Verification Successful]]>
    </line>
    <line>
      <![CDATA[HeadPhones Search Successfully]]>
    </line>
  </reporter-output>
  <suite started-at="2026-04-10T10:57:55 IST" name="Default suite" finished-at="2026-04-10T10:58:26 IST" duration-ms="30515">
    <groups>
    </groups>
    <test started-at="2026-04-10T10:57:55 IST" name="Default test" finished-at="2026-04-10T10:58:26 IST" duration-ms="30515">
      <class name="testcases.SnapdealTest">
        <test-method is-config="true" signature="setup()[pri:0, instance:testcases.SnapdealTest@4b2bac3f]" started-at="2026-04-10T10:57:55 IST" name="setup" finished-at="2026-04-10T10:58:07 IST" duration-ms="11631" status="PASS">
          <reporter-output>
          </reporter-output>
        </test-method> <!-- setup -->
        <test-method signature="verifySnapdealLandingPage()[pri:1, instance:testcases.SnapdealTest@4b2bac3f]" started-at="2026-04-10T10:58:07 IST" name="verifySnapdealLandingPage" finished-at="2026-04-10T10:58:07 IST" duration-ms="43" status="PASS">
          <reporter-output>
            <line>
              <![CDATA[Landing Page Verification Successful]]>
            </line>
          </reporter-output>
        </test-method> <!-- verifySnapdealLandingPage -->
        <test-method signature="snapdealFlowTest()[pri:2, instance:testcases.SnapdealTest@4b2bac3f]" started-at="2026-04-10T10:58:08 IST" name="snapdealFlowTest" finished-at="2026-04-10T10:58:18 IST" duration-ms="10535" status="PASS">
          <reporter-output>
            <line>
              <![CDATA[HeadPhones Search Successfully]]>
            </line>
          </reporter-output>
        </test-method> <!-- snapdealFlowTest -->
        <test-method is-config="true" signature="tearDown()[pri:0, instance:testcases.SnapdealTest@4b2bac3f]" started-at="2026-04-10T10:58:19 IST" name="tearDown" finished-at="2026-04-10T10:58:26 IST" duration-ms="7115" status="PASS">
          <reporter-output>
          </reporter-output>
        </test-method> <!-- tearDown -->
      </class> <!-- testcases.SnapdealTest -->
    </test> <!-- Default test -->
  </suite> <!-- Default suite -->
</testng-results>
