<?xml version="1.0" encoding="UTF-8"?>
<!-- Generated by org.testng.reporters.JUnitReportReporter -->
<testsuite hostname="LTIN718283" failures="0" tests="2" name="testcases.SnapdealTest" time="9.313" errors="0" timestamp="2026-04-21T10:01:30 IST" skipped="0">
  <testcase classname="testcases.SnapdealTest" name="verifySnapdealLandingPage" time="0.033">
    <system-out>
      <![CDATA[Landing Page Verification Successful]]>
    </system-out>
  </testcase> <!-- verifySnapdealLandingPage -->
  <testcase classname="testcases.SnapdealTest" name="snapdealFlowTest" time="9.280">
    <system-out>
      <![CDATA[HeadPhones Search Successfully]]>
    </system-out>
  </testcase> <!-- snapdealFlowTest -->
  <system-out>
    <![CDATA[Landing Page Verification Successful
HeadPhones Search Successfully]]>
  </system-out>
</testsuite> <!-- testcases.SnapdealTest -->
